[debug] [2023-06-07T01:37:17.923Z] ----------------------------------------------------------------------
[debug] [2023-06-07T01:37:17.924Z] Command:       C:\Program Files\nodejs\node.exe C:\Users\SAWAN\AppData\Roaming\npm\node_modules\firebase-tools\lib\bin\firebase.js init
[debug] [2023-06-07T01:37:17.924Z] CLI Version:   12.2.1
[debug] [2023-06-07T01:37:17.925Z] Platform:      win32
[debug] [2023-06-07T01:37:17.925Z] Node Version:  v18.16.0
[debug] [2023-06-07T01:37:17.926Z] Time:          Wed Jun 07 2023 07:07:17 GMT+0530 (India Standard Time)
[debug] [2023-06-07T01:37:17.926Z] ----------------------------------------------------------------------
[debug] 
[debug] [2023-06-07T01:37:17.980Z] > command requires scopes: ["email","openid","https://www.googleapis.com/auth/cloudplatformprojects.readonly","https://www.googleapis.com/auth/firebase","https://www.googleapis.com/auth/cloud-platform"]
[debug] [2023-06-07T01:37:17.980Z] > authorizing via signed-in user (sawanchakraborty2308@gmail.com)
[info] 
     ######## #### ########  ######## ########     ###     ######  ########
     ##        ##  ##     ## ##       ##     ##  ##   ##  ##       ##
     ######    ##  ########  ######   ########  #########  ######  ######
     ##        ##  ##    ##  ##       ##     ## ##     ##       ## ##
     ##       #### ##     ## ######## ########  ##     ##  ######  ########

You're about to initialize a Firebase project in this directory:

  C:\Users\SAWAN\Desktop\Projects\AmazonClone

Before we get started, keep in mind:

  * You are initializing within an existing Firebase project directory

[info] 
=== Project Setup
[info] 
[info] First, let's associate this project directory with a Firebase project.
[info] You can create multiple project aliases by running firebase use --add, 
[info] but for now we'll just set up a default project.
[info] 
[debug] [2023-06-07T01:37:30.412Z] Using project from CLI flag: challenge-7b003
[debug] [2023-06-07T01:37:30.414Z] >>> [apiv2][query] GET https://firebase.googleapis.com/v1beta1/projects/challenge-7b003 [none]
[debug] [2023-06-07T01:37:31.229Z] <<< [apiv2][status] GET https://firebase.googleapis.com/v1beta1/projects/challenge-7b003 200
[debug] [2023-06-07T01:37:31.229Z] <<< [apiv2][body] GET https://firebase.googleapis.com/v1beta1/projects/challenge-7b003 {"projectId":"challenge-7b003","projectNumber":"426626101991","displayName":"amazon-challenge","name":"projects/challenge-7b003","resources":{"hostingSite":"challenge-7b003"},"state":"ACTIVE","etag":"1_8c783c21-8b95-42c1-9a61-d9ca2a3e4f74"}
[info] i  Using project challenge-7b003 (amazon-challenge) 
[info] 
=== Hosting Setup
[info] 
[info] Your public directory is the folder (relative to your project directory) that
[info] will contain Hosting assets to be uploaded with firebase deploy. If you
[info] have a build process for your assets, use your build's output directory.
[info] 
[debug] [2023-06-07T01:44:30.233Z] >>> [apiv2][query] GET https://www.gstatic.com/firebasejs/releases.json [none]
[debug] [2023-06-07T01:44:30.622Z] <<< [apiv2][status] GET https://www.gstatic.com/firebasejs/releases.json 200
[debug] [2023-06-07T01:44:30.622Z] <<< [apiv2][body] GET https://www.gstatic.com/firebasejs/releases.json {"current":{"version":"9.22.1","browserURL":"https://www.gstatic.com/firebasejs/9.22.1/firebase.js","packageURL":"https://www.gstatic.com/firebasejs/9.22.1/firebase.tgz"},"live":{"version":"9.22","browserURL":"https://www.gstatic.com/firebasejs/live/9.22/firebase.js","packageURL":"https://www.gstatic.com/firebasejs/live/9.22/firebase.tgz"},"components":{"analytics":"https://www.gstatic.com/firebasejs/9.22.1/firebase-analytics.js","app":"https://www.gstatic.com/firebasejs/9.22.1/firebase-app.js","app-check":"https://www.gstatic.com/firebasejs/9.22.1/firebase-app-check.js","auth":"https://www.gstatic.com/firebasejs/9.22.1/firebase-auth.js","auth/cordova":"https://www.gstatic.com/firebasejs/9.22.1/firebase-auth/cordova.js","auth/react-native":"https://www.gstatic.com/firebasejs/9.22.1/firebase-auth/react-native.js","functions":"https://www.gstatic.com/firebasejs/9.22.1/firebase-functions.js","firestore":"https://www.gstatic.com/firebasejs/9.22.1/firebase-firestore.js","firestore/lite":"https://www.gstatic.com/firebasejs/9.22.1/firebase-firestore/lite.js","installations":"https://www.gstatic.com/firebasejs/9.22.1/firebase-installations.js","storage":"https://www.gstatic.com/firebasejs/9.22.1/firebase-storage.js","performance":"https://www.gstatic.com/firebasejs/9.22.1/firebase-performance.js","remote-config":"https://www.gstatic.com/firebasejs/9.22.1/firebase-remote-config.js","messaging":"https://www.gstatic.com/firebasejs/9.22.1/firebase-messaging.js","messaging/sw":"https://www.gstatic.com/firebasejs/9.22.1/firebase-messaging/sw.js","database":"https://www.gstatic.com/firebasejs/9.22.1/firebase-database.js","firestore.memory":"https://www.gstatic.com/firebasejs/9.22.1/firebase-firestore.memory.js"}}
[info] +  Wrote public/index.html 
[info] 
[info] i  Writing configuration info to firebase.json... 
[info] i  Writing project information to .firebaserc... 
[info] 
[info] +  Firebase initialization complete! 
